android/app/build/intermediates/manifest_merge_blame_file/debug/manifest-merger-blame-debug-report.txt
1<?xml version="1.0" encoding="utf-8"?>
2<manifest xmlns:android="http://schemas.android.com/apk/res/android"
3    package="com.lrbook"
4    android:versionCode="1"
5    android:versionName="1.0" >
6
7    <uses-sdk
8        android:minSdkVersion="21"
9        android:targetSdkVersion="34" />
10
11    <uses-permission android:name="android.permission.INTERNET" />
11-->src/main/AndroidManifest.xml:3:5-67
11-->src/main/AndroidManifest.xml:3:22-64
12    <!--
13    This manifest file is used only by Gradle to configure debug-only capabilities
14    for React Native Apps.
15    -->
16    <uses-permission android:name="android.permission.SYSTEM_ALERT_WINDOW" />
16-->[com.facebook.react:react-android:0.73.0] AndroidManifest.xml:16:5-78
16-->[com.facebook.react:react-android:0.73.0] AndroidManifest.xml:16:22-75
17    <uses-permission android:name="android.permission.ACCESS_WIFI_STATE" />
17-->[com.facebook.flipper:flipper:0.201.0] AndroidManifest.xml:14:5-76
17-->[com.facebook.flipper:flipper:0.201.0] AndroidManifest.xml:14:22-73
18
19    <permission
19-->[androidx.core:core:1.9.0] AndroidManifest.xml:22:5-24:47
20        android:name="com.lrbook.DYNAMIC_RECEIVER_NOT_EXPORTED_PERMISSION"
20-->[androidx.core:core:1.9.0] AndroidManifest.xml:23:9-81
21        android:protectionLevel="signature" />
21-->[androidx.core:core:1.9.0] AndroidManifest.xml:24:9-44
22
23    <uses-permission android:name="com.lrbook.DYNAMIC_RECEIVER_NOT_EXPORTED_PERMISSION" />
23-->[androidx.core:core:1.9.0] AndroidManifest.xml:26:5-97
23-->[androidx.core:core:1.9.0] AndroidManifest.xml:26:22-94
24
25    <application
25-->src/main/AndroidManifest.xml:5:5-24:19
26        android:name="com.lrbook.MainApplication"
26-->src/main/AndroidManifest.xml:6:7-38
27        android:allowBackup="false"
27-->src/main/AndroidManifest.xml:10:7-34
28        android:appComponentFactory="androidx.core.app.CoreComponentFactory"
28-->[androidx.core:core:1.9.0] AndroidManifest.xml:28:18-86
29        android:debuggable="true"
30        android:extractNativeLibs="true"
31        android:icon="@mipmap/ic_launcher"
31-->src/main/AndroidManifest.xml:8:7-41
32        android:label="@string/app_name"
32-->src/main/AndroidManifest.xml:7:7-39
33        android:roundIcon="@mipmap/ic_launcher"
33-->src/main/AndroidManifest.xml:9:7-46
34        android:testOnly="true"
35        android:theme="@style/AppTheme"
35-->src/main/AndroidManifest.xml:11:7-38
36        android:usesCleartextTraffic="true" >
36-->src/debug/AndroidManifest.xml:6:9-44
37        <activity
37-->src/main/AndroidManifest.xml:12:7-23:18
38            android:name="com.lrbook.MainActivity"
38-->src/main/AndroidManifest.xml:13:9-37
39            android:configChanges="keyboard|keyboardHidden|orientation|screenLayout|screenSize|smallestScreenSize|uiMode"
39-->src/main/AndroidManifest.xml:15:9-118
40            android:exported="true"
40-->src/main/AndroidManifest.xml:18:9-32
41            android:label="@string/app_name"
41-->src/main/AndroidManifest.xml:14:9-41
42            android:launchMode="singleTask"
42-->src/main/AndroidManifest.xml:16:9-40
43            android:windowSoftInputMode="adjustResize" >
43-->src/main/AndroidManifest.xml:17:9-51
44            <intent-filter>
44-->src/main/AndroidManifest.xml:19:9-22:25
45                <action android:name="android.intent.action.MAIN" />
45-->src/main/AndroidManifest.xml:20:13-65
45-->src/main/AndroidManifest.xml:20:21-62
46
47                <category android:name="android.intent.category.LAUNCHER" />
47-->src/main/AndroidManifest.xml:21:13-73
47-->src/main/AndroidManifest.xml:21:23-70
48            </intent-filter>
49        </activity>
50
51        <meta-data
51-->[:react-native-update] AndroidManifest.xml:8:9-10:56
52            android:name="pushy_build_time"
52-->[:react-native-update] AndroidManifest.xml:9:13-44
53            android:value="@string/pushy_build_time" />
53-->[:react-native-update] AndroidManifest.xml:10:13-53
54
55        <provider
55-->[:react-native-update] AndroidManifest.xml:12:9-20:20
56            android:name="cn.reactnative.modules.update.PushyFileProvider"
56-->[:react-native-update] AndroidManifest.xml:13:13-75
57            android:authorities="com.lrbook.pushy.fileprovider"
57-->[:react-native-update] AndroidManifest.xml:14:13-70
58            android:exported="false"
58-->[:react-native-update] AndroidManifest.xml:15:13-37
59            android:grantUriPermissions="true" >
59-->[:react-native-update] AndroidManifest.xml:16:13-47
60            <meta-data
60-->[:react-native-update] AndroidManifest.xml:17:13-19:60
61                android:name="android.support.FILE_PROVIDER_PATHS"
61-->[:react-native-update] AndroidManifest.xml:18:17-67
62                android:resource="@xml/pushy_file_paths" />
62-->[:react-native-update] AndroidManifest.xml:19:17-57
63        </provider>
64        <provider
64-->[:react-native-image-picker] AndroidManifest.xml:8:9-16:20
65            android:name="com.imagepicker.ImagePickerProvider"
65-->[:react-native-image-picker] AndroidManifest.xml:9:13-63
66            android:authorities="com.lrbook.imagepickerprovider"
66-->[:react-native-image-picker] AndroidManifest.xml:10:13-71
67            android:exported="false"
67-->[:react-native-image-picker] AndroidManifest.xml:11:13-37
68            android:grantUriPermissions="true" >
68-->[:react-native-image-picker] AndroidManifest.xml:12:13-47
69            <meta-data
69-->[:react-native-update] AndroidManifest.xml:17:13-19:60
70                android:name="android.support.FILE_PROVIDER_PATHS"
70-->[:react-native-update] AndroidManifest.xml:18:17-67
71                android:resource="@xml/imagepicker_provider_paths" />
71-->[:react-native-update] AndroidManifest.xml:19:17-57
72        </provider>
73
74        <activity
74-->[com.facebook.react:react-android:0.73.0] AndroidManifest.xml:19:9-21:40
75            android:name="com.facebook.react.devsupport.DevSettingsActivity"
75-->[com.facebook.react:react-android:0.73.0] AndroidManifest.xml:20:13-77
76            android:exported="false" />
76-->[com.facebook.react:react-android:0.73.0] AndroidManifest.xml:21:13-37
77
78        <provider
78-->[androidx.emoji2:emoji2:1.2.0] AndroidManifest.xml:24:9-32:20
79            android:name="androidx.startup.InitializationProvider"
79-->[androidx.emoji2:emoji2:1.2.0] AndroidManifest.xml:25:13-67
80            android:authorities="com.lrbook.androidx-startup"
80-->[androidx.emoji2:emoji2:1.2.0] AndroidManifest.xml:26:13-68
81            android:exported="false" >
81-->[androidx.emoji2:emoji2:1.2.0] AndroidManifest.xml:27:13-37
82            <meta-data
82-->[androidx.emoji2:emoji2:1.2.0] AndroidManifest.xml:29:13-31:52
83                android:name="androidx.emoji2.text.EmojiCompatInitializer"
83-->[androidx.emoji2:emoji2:1.2.0] AndroidManifest.xml:30:17-75
84                android:value="androidx.startup" />
84-->[androidx.emoji2:emoji2:1.2.0] AndroidManifest.xml:31:17-49
85            <meta-data
85-->[androidx.lifecycle:lifecycle-process:2.4.1] AndroidManifest.xml:31:13-33:52
86                android:name="androidx.lifecycle.ProcessLifecycleInitializer"
86-->[androidx.lifecycle:lifecycle-process:2.4.1] AndroidManifest.xml:32:17-78
87                android:value="androidx.startup" />
87-->[androidx.lifecycle:lifecycle-process:2.4.1] AndroidManifest.xml:33:17-49
88        </provider>
89
90        <meta-data
90-->[com.facebook.soloader:soloader:0.10.5] AndroidManifest.xml:12:9-14:37
91            android:name="com.facebook.soloader.enabled"
91-->[com.facebook.soloader:soloader:0.10.5] AndroidManifest.xml:13:13-57
92            android:value="false" />
92-->[com.facebook.soloader:soloader:0.10.5] AndroidManifest.xml:14:13-34
93    </application>
94
95</manifest>